{ 'numTimeSteps': 6000000, 'inputFile': 'inputs/in_4_body_counterclockwise', 'numBodies': 4, 'time': 17.735285, 'leapfrog': true, 'barnesHut': true },
{ 'numTimeSteps': 6000000, 'inputFile': 'inputs/in_4_body_counterclockwise', 'numBodies': 4, 'time': 1.614483, 'leapfrog': true, 'barnesHut': false },
{ 'numTimeSteps': 6000000, 'inputFile': 'inputs/in_4_body_counterclockwise', 'numBodies': 4, 'time': 1.715863, 'leapfrog': false, 'barnesHut': false },
{ 'numTimeSteps': 6000000, 'inputFile': 'inputs/in_12_body_counterclockwise_somewhat_less_relaxed', 'numBodies': 12, 'time': 91.087265, 'leapfrog': true, 'barnesHut': true },
{ 'numTimeSteps': 6000000, 'inputFile': 'inputs/in_12_body_counterclockwise_relaxed', 'numBodies': 12, 'time': 94.060135, 'leapfrog': true, 'barnesHut': true, 'precomputedGm': true },
{ 'numTimeSteps': 6000000, 'inputFile': 'inputs/in_12_body_counterclockwise_relaxed', 'numBodies': 12, 'time': 91.713726, 'leapfrog': true, 'barnesHut': true, 'precomputedGm': true },
{ 'numTimeSteps': 6000000, 'inputFile': 'inputs/in_12_body_counterclockwise_relaxed', 'numBodies': 12, 'time': 92.447045, 'leapfrog': true, 'barnesHut': true, 'precomputedGm': true },
{ 'numTimeSteps': 6000000, 'inputFile': 'inputs/in_16_body_counterclockwise_somewhat_less_relaxed', 'numBodies': 16, 'time': 286.536536, 'leapfrog': true, 'barnesHut': true, 'precomputedGm': true },
{ 'numTimeSteps': 6000000, 'inputFile': 'inputs/in_16_body_counterclockwise_somewhat_less_relaxed', 'numBodies': 16, 'time': 285.544333, 'leapfrog': true, 'barnesHut': true, 'precomputedGm': true },
{ 'numTimeSteps': 6000000, 'inputFile': 'inputs/in_16_body_counterclockwise_somewhat_less_relaxed', 'numBodies': 16, 'time': 13.069793, 'leapfrog': true, 'barnesHut': false, 'precomputedGm': true },
{ 'numTimeSteps': 6000000, 'inputFile': 'inputs/in_16_body_counterclockwise_somewhat_less_relaxed', 'numBodies': 16, 'time': 13.013773, 'leapfrog': true, 'barnesHut': false, 'precomputedGm': true },
{ 'numTimeSteps': 6000000, 'inputFile': 'inputs/in_12_body_counterclockwise_relaxed', 'numBodies': 12, 'time': 7.373256, 'leapfrog': true, 'barnesHut': false, 'precomputedGm': true },
{ 'numTimeSteps': 6000000, 'inputFile': 'inputs/in_12_body_counterclockwise_relaxed', 'numBodies': 12, 'time': 7.421085, 'leapfrog': true, 'barnesHut': false, 'precomputedGm': true },
{ 'numTimeSteps': 6000000, 'inputFile': 'inputs/in_12_body_counterclockwise_relaxed', 'numBodies': 12, 'time': 7.419363, 'leapfrog': true, 'barnesHut': false, 'precomputedGm': true },
{ 'numTimeSteps': 6000000, 'inputFile': 'inputs/in_16_body_counterclockwise_somewhat_less_relaxed', 'numBodies': 16, 'time': 13.053993, 'leapfrog': true, 'barnesHut': false, 'precomputedGm': true },
{ 'numTimeSteps': 6000000, 'inputFile': 'inputs/in_16_body_counterclockwise_somewhat_less_relaxed', 'numBodies': 16, 'time': 13.048718, 'leapfrog': true, 'barnesHut': false, 'precomputedGm': true },
{ 'numTimeSteps': 6000000, 'inputFile': 'inputs/in_8_body_counterclockwise', 'numBodies': 8, 'time': 3.346418, 'leapfrog': true, 'barnesHut': false, 'precomputedGm': true },
{ 'numTimeSteps': 6000000, 'inputFile': 'inputs/in_8_body_counterclockwise', 'numBodies': 8, 'time': 3.731360, 'leapfrog': true, 'barnesHut': false, 'precomputedGm': true },
{ 'numTimeSteps': 6000000, 'inputFile': 'inputs/in_8_body_counterclockwise', 'numBodies': 8, 'time': 44.779854, 'leapfrog': true, 'barnesHut': true, 'precomputedGm': true },
{ 'numTimeSteps': 6000000, 'inputFile': 'inputs/in_4_body_counterclockwise', 'numBodies': 4, 'time': 15.603669, 'leapfrog': true, 'barnesHut': true, 'precomputedGm': true },
{ 'numTimeSteps': 6000000, 'inputFile': 'inputs/in_8_body_counterclockwise', 'numBodies': 8, 'time': 44.553090, 'leapfrog': true, 'barnesHut': true, 'precomputedGm': true },
{ 'numTimeSteps': 6000000, 'inputFile': 'inputs/in_4_body_counterclockwise', 'numBodies': 4, 'time': 15.600770, 'leapfrog': true, 'barnesHut': true, 'precomputedGm': true },
{ 'numTimeSteps': 6000000, 'inputFile': 'inputs/in_8_body_counterclockwise', 'numBodies': 8, 'time': 44.700601, 'leapfrog': true, 'barnesHut': true, 'precomputedGm': true },
{ 'numTimeSteps': 6000000, 'inputFile': 'inputs/in_16_body_counterclockwise_somewhat_less_relaxed', 'numBodies': 16, 'time': 284.755432, 'leapfrog': true, 'barnesHut': true, 'precomputedGm': true },
{ 'numTimeSteps': 6000000, 'inputFile': 'inputs/in_12_body_counterclockwise_somewhat_less_relaxed', 'numBodies': 12, 'time': 91.916697, 'leapfrog': true, 'barnesHut': true, 'precomputedGm': true },
{ 'numTimeSteps': 6000000, 'inputFile': 'inputs/in_4_body_counterclockwise', 'numBodies': 4, 'time': 0.953930, 'leapfrog': true, 'barnesHut': false, 'precomputedGm': true },
{ 'numTimeSteps': 6000000, 'inputFile': 'inputs/in_8_body_counterclockwise', 'numBodies': 8, 'time': 3.314875, 'leapfrog': true, 'barnesHut': false, 'precomputedGm': true },
{ 'numTimeSteps': 6000000, 'inputFile': 'inputs/in_16_body_counterclockwise_somewhat_less_relaxed', 'numBodies': 16, 'time': 13.413274, 'leapfrog': true, 'barnesHut': false, 'precomputedGm': true },
{ 'numTimeSteps': 6000000, 'inputFile': 'inputs/in_12_body_counterclockwise_somewhat_less_relaxed', 'numBodies': 12, 'time': 7.528135, 'leapfrog': true, 'barnesHut': false, 'precomputedGm': true },
{ 'numTimeSteps': 5, 'inputFile': 'inputs/in_10000', 'numBodies': 10000, 'time': 9.050000, 'leapfrog': true, 'barnesHut': true, 'precomputedGm': true, 'ompMaxThreads': 24 },
{ 'numTimeSteps': 5, 'inputFile': 'inputs/in_10000', 'numBodies': 10000, 'time': 9.350000, 'leapfrog': true, 'barnesHut': true, 'precomputedGm': true, 'ompMaxThreads': 24 },
{ 'numTimeSteps': 5, 'inputFile': 'inputs/in_10000', 'numBodies': 10000, 'time': 9.640000, 'leapfrog': true, 'barnesHut': true, 'precomputedGm': true, 'ompMaxThreads': 24 },
{ 'numTimeSteps': 5, 'inputFile': 'inputs/in_10000', 'numBodies': 10000, 'time': 8.860000, 'leapfrog': true, 'barnesHut': true, 'precomputedGm': true, 'ompMaxThreads': 8 },
{ 'numTimeSteps': 5, 'inputFile': 'inputs/in_10000', 'numBodies': 10000, 'time': 23.420000, 'leapfrog': true, 'barnesHut': false, 'precomputedGm': true, 'ompMaxThreads': 1 },
{ 'numTimeSteps': 5, 'inputFile': 'inputs/in_10000', 'numBodies': 10000, 'time': 24.340000, 'leapfrog': true, 'barnesHut': false, 'precomputedGm': true, 'ompMaxThreads': 8 },
{ 'numTimeSteps': 5, 'inputFile': 'inputs/in_10000', 'numBodies': 10000, 'time': 24.980000, 'leapfrog': true, 'barnesHut': false, 'precomputedGm': true, 'ompMaxThreads': 24 },
{ 'numTimeSteps': 5, 'inputFile': 'inputs/in_10000', 'numBodies': 10000, 'time': 23.030000, 'leapfrog': true, 'barnesHut': false, 'precomputedGm': true, 'ompMaxThreads': 24 },
{ 'numTimeSteps': 5, 'inputFile': 'inputs/in_10000', 'numBodies': 10000, 'time': 24.770000, 'leapfrog': true, 'barnesHut': false, 'precomputedGm': true, 'ompMaxThreads': 24 },
{ 'numTimeSteps': 5, 'inputFile': 'inputs/in_10000', 'numBodies': 10000, 'time': 24.950000, 'leapfrog': true, 'barnesHut': false, 'precomputedGm': true, 'ompMaxThreads': 24 },
{ 'numTimeSteps': 5, 'inputFile': 'inputs/in_10000', 'numBodies': 10000, 'time': 25.810000, 'leapfrog': true, 'barnesHut': false, 'precomputedGm': true, 'ompMaxThreads': 24 },
{ 'numTimeSteps': 5, 'inputFile': 'inputs/in_10000', 'numBodies': 10000, 'time': 25.880000, 'leapfrog': true, 'barnesHut': false, 'precomputedGm': true, 'ompMaxThreads': 24 },
{ 'numTimeSteps': 5, 'inputFile': 'inputs/in_10000', 'numBodies': 10000, 'time': 25.590000, 'leapfrog': true, 'barnesHut': false, 'precomputedGm': true, 'ompMaxThreads': 24 },
{ 'numTimeSteps': 5, 'inputFile': 'inputs/in_10000', 'numBodies': 10000, 'time': 25.680000, 'leapfrog': true, 'barnesHut': false, 'precomputedGm': true, 'ompMaxThreads': 24 },
{ 'numTimeSteps': 5, 'inputFile': 'inputs/in_10000', 'numBodies': 10000, 'time': 25.820000, 'leapfrog': true, 'barnesHut': false, 'precomputedGm': true, 'ompMaxThreads': 24 },
{ 'numTimeSteps': 100, 'inputFile': 'inputs/in_512', 'numBodies': 512, 'time': 29.110000, 'leapfrog': true, 'barnesHut': false, 'precomputedGm': true, 'ompMaxThreads': 24 },
{ 'numTimeSteps': 100, 'inputFile': 'inputs/in_512', 'numBodies': 512, 'time': 29.070000, 'leapfrog': true, 'barnesHut': false, 'precomputedGm': true, 'ompMaxThreads': 24 },
{ 'numTimeSteps': 100, 'inputFile': 'inputs/in_512', 'numBodies': 512, 'time': 1.080000, 'leapfrog': true, 'barnesHut': false, 'precomputedGm': true, 'ompMaxThreads': 1 },
{ 'numTimeSteps': 5, 'inputFile': 'inputs/in_10000', 'numBodies': 10000, 'time': 25.820000, 'leapfrog': true, 'barnesHut': false, 'precomputedGm': true, 'ompMaxThreads': 24 },
{ 'numTimeSteps': 5, 'inputFile': 'inputs/in_10000', 'numBodies': 10000, 'time': 9.840000, 'leapfrog': true, 'barnesHut': true, 'precomputedGm': true, 'ompMaxThreads': 24 },
{ 'numTimeSteps': 5, 'inputFile': 'inputs/in_10000', 'numBodies': 10000, 'time': 10.310000, 'leapfrog': true, 'barnesHut': true, 'precomputedGm': true, 'ompMaxThreads': 24 },
{ 'numTimeSteps': 5, 'inputFile': 'inputs/in_10000', 'numBodies': 10000, 'time': 10.250000, 'leapfrog': true, 'barnesHut': true, 'precomputedGm': true, 'ompMaxThreads': 24 },
{ 'numTimeSteps': 5, 'inputFile': 'inputs/in_10000', 'numBodies': 10000, 'time': 25.890000, 'leapfrog': true, 'barnesHut': false, 'precomputedGm': true, 'ompMaxThreads': 24 },
{ 'numTimeSteps': 1, 'inputFile': 'inputs/in_8_body_counterclockwise', 'numBodies': 8, 'time': 0.800000, 'leapfrog': true, 'barnesHut': false, 'precomputedGm': true, 'ompMaxThreads': 32 },
{ 'numTimeSteps': 5, 'inputFile': 'inputs/in_10000', 'numBodies': 10000, 'time': 53.840000, 'leapfrog': true, 'barnesHut': false, 'precomputedGm': true, 'ompMaxThreads': 4 },
{ 'numTimeSteps': 5, 'inputFile': 'inputs/in_10000', 'numBodies': 10000, 'time': 53.920000, 'leapfrog': true, 'barnesHut': false, 'precomputedGm': true, 'ompMaxThreads': 4 },
{ 'numTimeSteps': 5, 'inputFile': 'inputs/in_10000', 'numBodies': 10000, 'time': 53.840000, 'leapfrog': true, 'barnesHut': false, 'precomputedGm': true, 'ompMaxThreads': 4 },
{ 'numTimeSteps': 5, 'inputFile': 'inputs/in_10000', 'numBodies': 10000, 'time': 53.870000, 'leapfrog': true, 'barnesHut': false, 'precomputedGm': true, 'ompMaxThreads': 4 },
{ 'numTimeSteps': 5, 'inputFile': 'inputs/in_10000', 'numBodies': 10000, 'time': 53.840000, 'leapfrog': true, 'barnesHut': false, 'precomputedGm': true, 'ompMaxThreads': 4 },
{ 'numTimeSteps': 5, 'inputFile': 'inputs/in_10000', 'numBodies': 10000, 'time': 55.780000, 'leapfrog': true, 'barnesHut': false, 'precomputedGm': true, 'ompMaxThreads': 4 },
{ 'numTimeSteps': 5, 'inputFile': 'inputs/in_10000', 'numBodies': 10000, 'time': 54.100000, 'leapfrog': true, 'barnesHut': false, 'precomputedGm': true, 'ompMaxThreads': 4 },
{ 'numTimeSteps': 5, 'inputFile': 'inputs/in_10000', 'numBodies': 10000, 'time': 53.130000, 'leapfrog': true, 'barnesHut': false, 'precomputedGm': true, 'ompMaxThreads': 4 },
{ 'numTimeSteps': 5, 'inputFile': 'inputs/in_10000', 'numBodies': 10000, 'time': 55.480000, 'leapfrog': true, 'barnesHut': false, 'precomputedGm': true, 'ompMaxThreads': 4 },
{ 'numTimeSteps': 5, 'inputFile': 'inputs/in_10000', 'numBodies': 10000, 'time': 56.110000, 'leapfrog': true, 'barnesHut': false, 'precomputedGm': true, 'ompMaxThreads': 4 },
{ 'numTimeSteps': 5, 'inputFile': 'inputs/in_10000', 'numBodies': 10000, 'time': 55.500000, 'leapfrog': true, 'barnesHut': false, 'precomputedGm': true, 'ompMaxThreads': 4 },
{ 'numTimeSteps': 5, 'inputFile': 'inputs/in_10000', 'numBodies': 10000, 'time': 89.150000, 'leapfrog': true, 'barnesHut': false, 'precomputedGm': true, 'ompMaxThreads': 4 },
{ 'numTimeSteps': 5, 'inputFile': 'inputs/in_10000', 'numBodies': 10000, 'time': 89.820000, 'leapfrog': true, 'barnesHut': false, 'precomputedGm': true, 'ompMaxThreads': 4 },
{ 'numTimeSteps': 5, 'inputFile': 'inputs/in_10000', 'numBodies': 10000, 'time': 91.500000, 'leapfrog': true, 'barnesHut': false, 'precomputedGm': true, 'ompMaxThreads': 4 },
{ 'numTimeSteps': 5, 'inputFile': 'inputs/in_10000', 'numBodies': 10000, 'time': 93.210000, 'leapfrog': true, 'barnesHut': false, 'precomputedGm': true, 'ompMaxThreads': 4 },
{ 'numTimeSteps': 5, 'inputFile': 'inputs/in_10000', 'numBodies': 10000, 'time': 94.890000, 'leapfrog': true, 'barnesHut': false, 'precomputedGm': true, 'ompMaxThreads': 4 },
{ 'numTimeSteps': 5, 'inputFile': 'inputs/in_12_body_counterclockwise', 'numBodies': 12, 'time': 0.010000, 'leapfrog': true, 'barnesHut': false, 'precomputedGm': true, 'ompMaxThreads': 1 },
{ 'numTimeSteps': 5, 'inputFile': 'inputs/in_12_body_counterclockwise', 'numBodies': 12, 'time': 0.050000, 'leapfrog': true, 'barnesHut': false, 'precomputedGm': true, 'ompMaxThreads': 1 },
{ 'numTimeSteps': 5, 'inputFile': 'inputs/in_12_body_counterclockwise', 'numBodies': 12, 'time': 0.020000, 'leapfrog': true, 'barnesHut': false, 'precomputedGm': true, 'ompMaxThreads': 1 }