{ 'numTimeSteps': 6000000, 'inputFile': 'inputs/in_8_body_counterclockwise', 'numBodies': 8, 'time': 6.404529, 'leapfrog': true, 'barnesHut': false },
{ 'numTimeSteps': 6000000, 'inputFile': 'inputs/in_8_body_counterclockwise', 'numBodies': 8, 'time': 6.827618, 'leapfrog': true, 'barnesHut': false },
{ 'numTimeSteps': 6000000, 'inputFile': 'inputs/in_4_body_counterclockwise', 'numBodies': 4, 'time': 17.735285, 'leapfrog': true, 'barnesHut': true },
{ 'numTimeSteps': 6000000, 'inputFile': 'inputs/in_4_body_counterclockwise', 'numBodies': 4, 'time': 1.614483, 'leapfrog': true, 'barnesHut': false },
{ 'numTimeSteps': 6000000, 'inputFile': 'inputs/in_4_body_counterclockwise', 'numBodies': 4, 'time': 1.715863, 'leapfrog': false, 'barnesHut': false },
{ 'numTimeSteps': 6000000, 'inputFile': 'inputs/in_12_body_counterclockwise', 'numBodies': 12, 'time': 14.487931, 'leapfrog': false, 'barnesHut': false },
{ 'numTimeSteps': 6000000, 'inputFile': 'inputs/in_12_body_counterclockwise', 'numBodies': 12, 'time': 14.514313, 'leapfrog': false, 'barnesHut': false },
{ 'numTimeSteps': 6000000, 'inputFile': 'inputs/in_12_body_counterclockwise', 'numBodies': 12, 'time': 14.212347, 'leapfrog': true, 'barnesHut': false },
{ 'numTimeSteps': 6000000, 'inputFile': 'inputs/in_12_body_counterclockwise', 'numBodies': 12, 'time': 14.105369, 'leapfrog': true, 'barnesHut': false },
{ 'numTimeSteps': 600000, 'inputFile': 'inputs/in_12_body_counterclockwise', 'numBodies': 12, 'time': 11.732407, 'leapfrog': true, 'barnesHut': true },
{ 'numTimeSteps': 600000, 'inputFile': 'inputs/in_12_body_counterclockwise', 'numBodies': 12, 'time': 11.058139, 'leapfrog': true, 'barnesHut': true },
{ 'numTimeSteps': 600000, 'inputFile': 'inputs/in_12_body_counterclockwise', 'numBodies': 12, 'time': 11.394734, 'leapfrog': true, 'barnesHut': true },
{ 'numTimeSteps': 600000, 'inputFile': 'inputs/in_12_body_counterclockwise_relaxed', 'numBodies': 12, 'time': 9.794258, 'leapfrog': true, 'barnesHut': true },
{ 'numTimeSteps': 600000, 'inputFile': 'inputs/in_12_body_counterclockwise_relaxed', 'numBodies': 12, 'time': 9.405269, 'leapfrog': true, 'barnesHut': true }
,
{ 'numTimeSteps': 600000, 'inputFile': 'inputs/in_12_body_counterclockwise', 'numBodies': 12, 'time': 10.279984, 'leapfrog': true, 'barnesHut': true },
{ 'numTimeSteps': 600000, 'inputFile': 'inputs/in_12_body_counterclockwise_somewhat_less_relaxed', 'numBodies': 12, 'time': 9.272702, 'leapfrog': true, 'barnesHut': true },
{ 'numTimeSteps': 600000, 'inputFile': 'inputs/in_12_body_counterclockwise_very_relaxed', 'numBodies': 12, 'time': 11.468921, 'leapfrog': true, 'barnesHut': true },
{ 'numTimeSteps': 600000, 'inputFile': 'inputs/in_12_body_counterclockwise_somewhat_less_relaxed', 'numBodies': 12, 'time': 9.112558, 'leapfrog': true, 'barnesHut': true },
{ 'numTimeSteps': 6000000, 'inputFile': 'inputs/in_12_body_counterclockwise_somewhat_less_relaxed', 'numBodies': 12, 'time': 91.087265, 'leapfrog': true, 'barnesHut': true },
{ 'numTimeSteps': 6000000, 'inputFile': 'inputs/in_12_body_counterclockwise_somewhat_less_relaxed', 'numBodies': 12, 'time': 14.433696, 'leapfrog': true, 'barnesHut': false }